<?xml version="1.0" encoding="UTF-8"?>
<!-- Generated by org.testng.reporters.JUnitXMLReporter -->
<testsuite hostname="Hello-world" ignored="0" name="Default test" tests="2" failures="0" timestamp="2021-12-15T12:51:07 IST" time="19.035" errors="0">
  <testcase name="BrowserAutomation" time="17.801" classname="testautomationmaven.mavenjava.SeleniumTest"/>
  <testcase name="ElementsAutomation" time="0.005" classname="testautomationmaven.mavenjava.SeleniumTest"/>
</testsuite> <!-- Default test -->
