<?xml version="1.0" encoding="UTF-8"?>
<!-- Generated by org.testng.reporters.JUnitXMLReporter -->
<testsuite hostname="Hello-world" ignored="0" name="Test" tests="6" failures="0" timestamp="2021-12-22T09:49:54 IST" time="56.976" errors="0">
  <testcase name="BrowserAutomation" time="55.743" classname="testautomationmaven.mavenjava.SeleniumTest"/>
  <testcase name="ElementsAutomation" time="0.003" classname="testautomationmaven.mavenjava.SeleniumTest"/>
  <testcase name="AppiumTestCase" time="0.003" classname="testautomationmaven.mavenjava.AppiumTest"/>
  <testcase name="AppiumTestCasetwo" time="0.002" classname="testautomationmaven.mavenjava.AppiumTest"/>
  <testcase name="ApiTestCase" time="0.002" classname="testautomationmaven.mavenjava.ApiTest"/>
  <testcase name="ApiTestCasetwo" time="0.002" classname="testautomationmaven.mavenjava.ApiTest"/>
</testsuite> <!-- Test -->
