<?xml version="1.0" encoding="UTF-8"?>
<testng-results skipped="0" failed="0" ignored="0" total="6" passed="6">
  <reporter-output>
  </reporter-output>
  <suite name="Suite" duration-ms="56976" started-at="2021-12-22T09:48:56 IST" finished-at="2021-12-22T09:49:53 IST">
    <groups>
    </groups>
    <test name="Test" duration-ms="56976" started-at="2021-12-22T09:48:56 IST" finished-at="2021-12-22T09:49:53 IST">
      <class name="testautomationmaven.mavenjava.SeleniumTest">
        <test-method status="PASS" signature="config()[pri:0, instance:testautomationmaven.mavenjava.SeleniumTest@cb51256]" name="config" is-config="true" duration-ms="652" started-at="2021-12-22T09:48:56 IST" finished-at="2021-12-22T09:48:57 IST">
          <reporter-output>
          </reporter-output>
        </test-method> <!-- config -->
        <test-method status="PASS" signature="BrowserAutomation()[pri:0, instance:testautomationmaven.mavenjava.SeleniumTest@cb51256]" name="BrowserAutomation" duration-ms="55743" started-at="2021-12-22T09:48:57 IST" finished-at="2021-12-22T09:49:52 IST">
          <reporter-output>
          </reporter-output>
        </test-method> <!-- BrowserAutomation -->
        <test-method status="PASS" signature="ElementsAutomation()[pri:0, instance:testautomationmaven.mavenjava.SeleniumTest@cb51256]" name="ElementsAutomation" duration-ms="3" started-at="2021-12-22T09:49:53 IST" finished-at="2021-12-22T09:49:53 IST">
          <reporter-output>
          </reporter-output>
        </test-method> <!-- ElementsAutomation -->
      </class> <!-- testautomationmaven.mavenjava.SeleniumTest -->
      <class name="testautomationmaven.mavenjava.ApiTest">
        <test-method status="PASS" signature="ApiTestCase()[pri:0, instance:testautomationmaven.mavenjava.ApiTest@5bfbf16f]" name="ApiTestCase" duration-ms="2" started-at="2021-12-22T09:49:53 IST" finished-at="2021-12-22T09:49:53 IST">
          <reporter-output>
          </reporter-output>
        </test-method> <!-- ApiTestCase -->
        <test-method status="PASS" signature="ApiTestCasetwo()[pri:0, instance:testautomationmaven.mavenjava.ApiTest@5bfbf16f]" name="ApiTestCasetwo" duration-ms="2" started-at="2021-12-22T09:49:53 IST" finished-at="2021-12-22T09:49:53 IST">
          <reporter-output>
          </reporter-output>
        </test-method> <!-- ApiTestCasetwo -->
      </class> <!-- testautomationmaven.mavenjava.ApiTest -->
      <class name="testautomationmaven.mavenjava.AppiumTest">
        <test-method status="PASS" signature="AppiumTestCase()[pri:0, instance:testautomationmaven.mavenjava.AppiumTest@59906517]" name="AppiumTestCase" duration-ms="3" started-at="2021-12-22T09:49:53 IST" finished-at="2021-12-22T09:49:53 IST">
          <reporter-output>
          </reporter-output>
        </test-method> <!-- AppiumTestCase -->
        <test-method status="PASS" signature="AppiumTestCasetwo()[pri:0, instance:testautomationmaven.mavenjava.AppiumTest@59906517]" name="AppiumTestCasetwo" duration-ms="2" started-at="2021-12-22T09:49:53 IST" finished-at="2021-12-22T09:49:53 IST">
          <reporter-output>
          </reporter-output>
        </test-method> <!-- AppiumTestCasetwo -->
      </class> <!-- testautomationmaven.mavenjava.AppiumTest -->
    </test> <!-- Test -->
  </suite> <!-- Suite -->
</testng-results>
